2024-10-12 19:03:47.154 +08 [51517] LOG:  starting PostgreSQL 16.4 (Postgres.app) on aarch64-apple-darwin21.6.0, compiled by Apple clang version 14.0.0 (clang-1400.0.29.102), 64-bit
2024-10-12 19:03:47.156 +08 [51517] LOG:  listening on IPv6 address "::1", port 5435
2024-10-12 19:03:47.156 +08 [51517] LOG:  listening on IPv4 address "127.0.0.1", port 5435
2024-10-12 19:03:47.157 +08 [51517] LOG:  listening on Unix socket "/tmp/.s.PGSQL.5435"
2024-10-12 19:03:47.158 +08 [51520] LOG:  database system was shut down at 2024-10-12 19:03:46 +08
2024-10-12 19:03:47.160 +08 [51517] LOG:  database system is ready to accept connections
2024-10-12 19:04:57.156 +08 [51517] LOG:  received fast shutdown request
2024-10-12 19:04:57.158 +08 [51517] LOG:  aborting any active transactions
2024-10-12 19:04:57.159 +08 [51517] LOG:  background worker "logical replication launcher" (PID 51523) exited with exit code 1
2024-10-12 19:04:57.160 +08 [51518] LOG:  shutting down
2024-10-12 19:04:57.162 +08 [51518] LOG:  checkpoint starting: shutdown immediate
2024-10-12 19:04:57.263 +08 [51518] LOG:  checkpoint complete: wrote 940 buffers (5.7%); 0 WAL file(s) added, 0 removed, 0 recycled; write=0.058 s, sync=0.042 s, total=0.103 s; sync files=308, longest=0.003 s, average=0.001 s; distance=4315 kB, estimate=4315 kB; lsn=0/193CE30, redo lsn=0/193CE30
2024-10-12 19:04:57.265 +08 [51517] LOG:  database system is shut down
2024-10-12 19:05:05.100 +08 [51647] LOG:  starting PostgreSQL 16.4 (Postgres.app) on aarch64-apple-darwin21.6.0, compiled by Apple clang version 14.0.0 (clang-1400.0.29.102), 64-bit
2024-10-12 19:05:05.104 +08 [51647] LOG:  listening on IPv6 address "::1", port 5435
2024-10-12 19:05:05.104 +08 [51647] LOG:  listening on IPv4 address "127.0.0.1", port 5435
2024-10-12 19:05:05.104 +08 [51647] LOG:  listening on Unix socket "/tmp/.s.PGSQL.5435"
2024-10-12 19:05:05.108 +08 [51650] LOG:  database system was shut down at 2024-10-12 19:05:03 +08
2024-10-12 19:05:05.111 +08 [51647] LOG:  database system is ready to accept connections
2024-10-12 19:06:50.382 +08 [51772] FATAL:  database "v2ecommerce" does not exist
2024-10-12 19:06:50.415 +08 [51775] FATAL:  database "v2ecommerce" does not exist
2024-10-12 19:06:50.710 +08 [51790] ERROR:  relation "_prisma_migrations" does not exist at character 126
2024-10-12 19:06:50.710 +08 [51790] STATEMENT:  SELECT "id", "checksum", "finished_at", "migration_name", "logs", "rolled_back_at", "started_at", "applied_steps_count" FROM "_prisma_migrations" ORDER BY "started_at" ASC
2024-10-12 19:06:50.855 +08 [51795] FATAL:  terminating connection due to administrator command
2024-10-12 19:06:50.957 +08 [51648] LOG:  checkpoint starting: immediate force wait
2024-10-12 19:06:51.027 +08 [51648] LOG:  checkpoint complete: wrote 983 buffers (6.0%); 0 WAL file(s) added, 0 removed, 1 recycled; write=0.053 s, sync=0.013 s, total=0.071 s; sync files=311, longest=0.001 s, average=0.001 s; distance=8911 kB, estimate=8911 kB; lsn=0/21F1648, redo lsn=0/21F1610
2024-10-12 19:06:51.162 +08 [51798] FATAL:  terminating connection due to administrator command
2024-10-12 19:06:51.263 +08 [51648] LOG:  checkpoint starting: immediate force wait
2024-10-12 19:06:51.265 +08 [51648] LOG:  checkpoint complete: wrote 7 buffers (0.0%); 0 WAL file(s) added, 0 removed, 0 recycled; write=0.001 s, sync=0.001 s, total=0.002 s; sync files=5, longest=0.001 s, average=0.001 s; distance=4338 kB, estimate=8454 kB; lsn=0/262DEF8, redo lsn=0/262DEC0
2024-10-12 19:06:51.389 +08 [51800] FATAL:  terminating connection due to administrator command
2024-10-12 19:06:51.490 +08 [51648] LOG:  checkpoint starting: immediate force wait
2024-10-12 19:06:51.494 +08 [51648] LOG:  checkpoint complete: wrote 49 buffers (0.3%); 0 WAL file(s) added, 0 removed, 0 recycled; write=0.002 s, sync=0.003 s, total=0.005 s; sync files=41, longest=0.001 s, average=0.001 s; distance=4485 kB, estimate=8057 kB; lsn=0/2A8F670, redo lsn=0/2A8F638
2024-10-12 19:06:58.781 +08 [51648] LOG:  checkpoint starting: immediate force wait
2024-10-12 19:06:58.784 +08 [51648] LOG:  checkpoint complete: wrote 4 buffers (0.0%); 0 WAL file(s) added, 0 removed, 0 recycled; write=0.002 s, sync=0.001 s, total=0.003 s; sync files=4, longest=0.001 s, average=0.001 s; distance=4323 kB, estimate=7683 kB; lsn=0/2EC83E8, redo lsn=0/2EC83B0
2024-10-12 19:11:58.775 +08 [51648] LOG:  checkpoint starting: time
2024-10-12 19:12:08.472 +08 [51648] LOG:  checkpoint complete: wrote 95 buffers (0.6%); 0 WAL file(s) added, 0 removed, 0 recycled; write=9.663 s, sync=0.027 s, total=9.698 s; sync files=84, longest=0.003 s, average=0.001 s; distance=389 kB, estimate=6954 kB; lsn=0/2F29968, redo lsn=0/2F29930
2024-10-13 22:45:52.611 +08 [51648] LOG:  checkpoint starting: time
2024-10-13 22:45:54.920 +08 [51648] LOG:  checkpoint complete: wrote 22 buffers (0.1%); 0 WAL file(s) added, 0 removed, 0 recycled; write=2.235 s, sync=0.002 s, total=2.310 s; sync files=12, longest=0.001 s, average=0.001 s; distance=23 kB, estimate=6261 kB; lsn=0/2F2F590, redo lsn=0/2F2F558
2024-10-13 23:25:52.948 +08 [51648] LOG:  checkpoint starting: time
2024-10-13 23:25:54.518 +08 [51648] LOG:  checkpoint complete: wrote 16 buffers (0.1%); 0 WAL file(s) added, 0 removed, 0 recycled; write=1.537 s, sync=0.006 s, total=1.571 s; sync files=13, longest=0.003 s, average=0.001 s; distance=9 kB, estimate=5636 kB; lsn=0/2F31B48, redo lsn=0/2F31B10
